<?xml version="1.0" encoding="UTF-8"?>
<testsuite xmlns:xsi="http://www.w3.org/2001/XMLSchema-instance" xsi:noNamespaceSchemaLocation="https://maven.apache.org/surefire/maven-surefire-plugin/xsd/surefire-test-report-3.0.xsd" version="3.0" name="com.example.merchant_application.MerchantApplicationTests" time="4.992" tests="1" errors="0" skipped="0" failures="0">
  <properties>
[...]
</properties>
  <testcase name="contextLoads" classname="com.example.merchant_application.MerchantApplicationTests" time="1.319">
    <system-out><![CDATA[16:50:00.239 [main] INFO org.springframework.test.context.support.AnnotationConfigContextLoaderUtils -- Could not detect default configuration classes for test class [com.example.merchant_application.MerchantApplicationTests]: MerchantApplicationTests does not declare any static, non-private, non-final, nested classes annotated with @Configuration.
16:50:00.448 [main] INFO org.springframework.boot.test.context.SpringBootTestContextBootstrapper -- Found @SpringBootConfiguration com.example.merchant_application.MerchantApplication for test class com.example.merchant_application.MerchantApplicationTests

  .   ____          _            __ _ _
 /\\ / ___'_ __ _ _(_)_ __  __ _ \ \ \ \
( ( )\___ | '_ | '_| | '_ \/ _` | \ \ \ \
 \\/  ___)| |_)| | | | | || (_| |  ) ) ) )
  '  |____| .__|_| |_|_| |_\__, | / / / /
 =========|_|==============|___/=/_/_/_/
 :: Spring Boot ::                (v3.2.0)

2023-12-12T16:50:01.120+05:30  INFO 1284 --- [           main] c.e.m.MerchantApplicationTests           : Starting MerchantApplicationTests using Java 21.0.1 with PID 1284 (started by Balwan Singh Lamba in C:\IntelliJ_Works\Payment_Project\Merchant_Application)
2023-12-12T16:50:01.129+05:30  INFO 1284 --- [           main] c.e.m.MerchantApplicationTests           : No active profile set, falling back to 1 default profile: "default"
2023-12-12T16:50:03.607+05:30  INFO 1284 --- [           main] c.e.m.MerchantApplicationTests           : Started MerchantApplicationTests in 2.928 seconds (process running for 4.431)
]]></system-out>
    <system-err><![CDATA[WARNING: A Java agent has been loaded dynamically (C:\Users\Balwan Singh Lamba\.m2\repository\net\bytebuddy\byte-buddy-agent\1.14.10\byte-buddy-agent-1.14.10.jar)
WARNING: If a serviceability tool is in use, please run with -XX:+EnableDynamicAgentLoading to hide this warning
WARNING: If a serviceability tool is not in use, please run with -Djdk.instrument.traceUsage for more information
WARNING: Dynamic loading of agents will be disallowed by default in a future release
]]></system-err>
  </testcase>
</testsuite>