<?xml version="1.0" encoding="UTF-8"?>
<testsuite xmlns:xsi="http://www.w3.org/2001/XMLSchema-instance" xsi:noNamespaceSchemaLocation="https://maven.apache.org/surefire/maven-surefire-plugin/xsd/surefire-test-report-3.0.xsd" version="3.0" name="com.example.payment_gateway_springboot.PaymentGatewaySpringBootApplicationTests" time="8.492" tests="1" errors="0" skipped="0" failures="0">
  <properties>
[...]
</properties>
  <testcase name="contextLoads" classname="com.example.payment_gateway_springboot.PaymentGatewaySpringBootApplicationTests" time="0.743">
    <system-out><![CDATA[16:47:06.827 [main] INFO org.springframework.test.context.support.AnnotationConfigContextLoaderUtils -- Could not detect default configuration classes for test class [com.example.payment_gateway_springboot.PaymentGatewaySpringBootApplicationTests]: PaymentGatewaySpringBootApplicationTests does not declare any static, non-private, non-final, nested classes annotated with @Configuration.
16:47:07.063 [main] INFO org.springframework.boot.test.context.SpringBootTestContextBootstrapper -- Found @SpringBootConfiguration com.example.payment_gateway_springboot.PaymentGatewaySpringBootApplication for test class com.example.payment_gateway_springboot.PaymentGatewaySpringBootApplicationTests

  .   ____          _            __ _ _
 /\\ / ___'_ __ _ _(_)_ __  __ _ \ \ \ \
( ( )\___ | '_ | '_| | '_ \/ _` | \ \ \ \
 \\/  ___)| |_)| | | | | || (_| |  ) ) ) )
  '  |____| .__|_| |_|_| |_\__, | / / / /
 =========|_|==============|___/=/_/_/_/
 :: Spring Boot ::                (v3.2.0)

2023-12-12T16:47:07.799+05:30  INFO 15104 --- [           main] PaymentGatewaySpringBootApplicationTests : Starting PaymentGatewaySpringBootApplicationTests using Java 21.0.1 with PID 15104 (started by Balwan Singh Lamba in C:\IntelliJ_Works\Payment_Project\Payment_Gateway_SpringBoot)
2023-12-12T16:47:07.801+05:30  INFO 15104 --- [           main] PaymentGatewaySpringBootApplicationTests : No active profile set, falling back to 1 default profile: "default"
2023-12-12T16:47:08.976+05:30  INFO 15104 --- [           main] .s.d.r.c.RepositoryConfigurationDelegate : Bootstrapping Spring Data JPA repositories in DEFAULT mode.
2023-12-12T16:47:09.088+05:30  INFO 15104 --- [           main] .s.d.r.c.RepositoryConfigurationDelegate : Finished Spring Data repository scanning in 95 ms. Found 2 JPA repository interfaces.
2023-12-12T16:47:09.868+05:30  INFO 15104 --- [           main] o.hibernate.jpa.internal.util.LogHelper  : HHH000204: Processing PersistenceUnitInfo [name: default]
2023-12-12T16:47:09.995+05:30  INFO 15104 --- [           main] org.hibernate.Version                    : HHH000412: Hibernate ORM core version 6.3.1.Final
2023-12-12T16:47:10.075+05:30  INFO 15104 --- [           main] o.h.c.internal.RegionFactoryInitiator    : HHH000026: Second-level cache disabled
2023-12-12T16:47:10.533+05:30  INFO 15104 --- [           main] o.s.o.j.p.SpringPersistenceUnitInfo      : No LoadTimeWeaver setup: ignoring JPA class transformer
2023-12-12T16:47:10.583+05:30  INFO 15104 --- [           main] com.zaxxer.hikari.HikariDataSource       : HikariPool-1 - Starting...
2023-12-12T16:47:11.213+05:30  INFO 15104 --- [           main] com.zaxxer.hikari.pool.HikariPool        : HikariPool-1 - Added connection com.mysql.cj.jdbc.ConnectionImpl@1da745a2
2023-12-12T16:47:11.217+05:30  INFO 15104 --- [           main] com.zaxxer.hikari.HikariDataSource       : HikariPool-1 - Start completed.
2023-12-12T16:47:12.583+05:30  INFO 15104 --- [           main] o.h.e.t.j.p.i.JtaPlatformInitiator       : HHH000489: No JTA platform available (set 'hibernate.transaction.jta.platform' to enable JTA platform integration)
2023-12-12T16:47:12.642+05:30  INFO 15104 --- [           main] j.LocalContainerEntityManagerFactoryBean : Initialized JPA EntityManagerFactory for persistence unit 'default'
2023-12-12T16:47:13.631+05:30  WARN 15104 --- [           main] JpaBaseConfiguration$JpaWebConfiguration : spring.jpa.open-in-view is enabled by default. Therefore, database queries may be performed during view rendering. Explicitly configure spring.jpa.open-in-view to disable this warning
2023-12-12T16:47:14.255+05:30  INFO 15104 --- [           main] PaymentGatewaySpringBootApplicationTests : Started PaymentGatewaySpringBootApplicationTests in 6.941 seconds (process running for 8.58)
]]></system-out>
    <system-err><![CDATA[WARNING: A Java agent has been loaded dynamically (C:\Users\Balwan Singh Lamba\.m2\repository\net\bytebuddy\byte-buddy-agent\1.14.10\byte-buddy-agent-1.14.10.jar)
WARNING: If a serviceability tool is in use, please run with -XX:+EnableDynamicAgentLoading to hide this warning
WARNING: If a serviceability tool is not in use, please run with -Djdk.instrument.traceUsage for more information
WARNING: Dynamic loading of agents will be disallowed by default in a future release
]]></system-err>
  </testcase>
</testsuite>